<?xml version="1.0" encoding="UTF-8"?>
<testsuite xmlns:xsi="http://www.w3.org/2001/XMLSchema-instance" xsi:noNamespaceSchemaLocation="https://maven.apache.org/surefire/maven-surefire-plugin/xsd/surefire-test-report.xsd" name="net.dvt32.AppTest" time="0.024" tests="1" errors="0" skipped="0" failures="0">
  <properties>
    <property name="java.specification.version" value="21"/>
    <property name="sun.cpu.isalist" value="amd64"/>
    <property name="sun.jnu.encoding" value="Cp1252"/>
    <property name="java.class.path" value="C:\Users\dimitar.trifonov\Documents\workspace-intellij\maven-essentials\calculator-app\target\test-classes;C:\Users\dimitar.trifonov\Documents\workspace-intellij\maven-essentials\calculator-app\target\classes;C:\Users\dimitar.trifonov\.m2\repository\junit\junit\4.11\junit-4.11.jar;C:\Users\dimitar.trifonov\.m2\repository\org\hamcrest\hamcrest-core\1.3\hamcrest-core-1.3.jar;C:\Users\dimitar.trifonov\.m2\repository\org\apache\commons\commons-lang3\3.17.0\commons-lang3-3.17.0.jar;"/>
    <property name="java.vm.vendor" value="Amazon.com Inc."/>
    <property name="sun.arch.data.model" value="64"/>
    <property name="user.variant" value=""/>
    <property name="java.vendor.url" value="https://aws.amazon.com/corretto/"/>
    <property name="user.timezone" value="Europe/Kiev"/>
    <property name="os.name" value="Windows 10"/>
    <property name="java.vm.specification.version" value="21"/>
    <property name="sun.java.launcher" value="SUN_STANDARD"/>
    <property name="user.country" value="US"/>
    <property name="sun.boot.library.path" value="C:\Users\dimitar.trifonov\.jdks\corretto-21.0.4\bin"/>
    <property name="sun.java.command" value="C:\Users\DIMITA~1.TRI\AppData\Local\Temp\surefire3091970022414843681\surefirebooter3198048365892752937.jar C:\Users\dimitar.trifonov\AppData\Local\Temp\surefire3091970022414843681 2024-11-30T14-18-46_268-jvmRun1 surefire12527715645909792tmp surefire_08692380011425985662tmp"/>
    <property name="jdk.debug" value="release"/>
    <property name="surefire.test.class.path" value="C:\Users\dimitar.trifonov\Documents\workspace-intellij\maven-essentials\calculator-app\target\test-classes;C:\Users\dimitar.trifonov\Documents\workspace-intellij\maven-essentials\calculator-app\target\classes;C:\Users\dimitar.trifonov\.m2\repository\junit\junit\4.11\junit-4.11.jar;C:\Users\dimitar.trifonov\.m2\repository\org\hamcrest\hamcrest-core\1.3\hamcrest-core-1.3.jar;C:\Users\dimitar.trifonov\.m2\repository\org\apache\commons\commons-lang3\3.17.0\commons-lang3-3.17.0.jar;"/>
    <property name="sun.cpu.endian" value="little"/>
    <property name="user.home" value="C:\Users\dimitar.trifonov"/>
    <property name="user.language" value="en"/>
    <property name="java.specification.vendor" value="Oracle Corporation"/>
    <property name="java.version.date" value="2024-07-16"/>
    <property name="java.home" value="C:\Users\dimitar.trifonov\.jdks\corretto-21.0.4"/>
    <property name="file.separator" value="\"/>
    <property name="basedir" value="C:\Users\dimitar.trifonov\Documents\workspace-intellij\maven-essentials\calculator-app"/>
    <property name="java.vm.compressedOopsMode" value="Zero based"/>
    <property name="line.separator" value="&#10;"/>
    <property name="java.vm.specification.vendor" value="Oracle Corporation"/>
    <property name="java.specification.name" value="Java Platform API Specification"/>
    <property name="surefire.real.class.path" value="C:\Users\DIMITA~1.TRI\AppData\Local\Temp\surefire3091970022414843681\surefirebooter3198048365892752937.jar"/>
    <property name="user.script" value=""/>
    <property name="sun.management.compiler" value="HotSpot 64-Bit Tiered Compilers"/>
    <property name="java.runtime.version" value="21.0.4+7-LTS"/>
    <property name="user.name" value="dimitar.trifonov"/>
    <property name="stdout.encoding" value="Cp1252"/>
    <property name="path.separator" value=";"/>
    <property name="os.version" value="10.0"/>
    <property name="java.runtime.name" value="OpenJDK Runtime Environment"/>
    <property name="file.encoding" value="UTF-8"/>
    <property name="java.vm.name" value="OpenJDK 64-Bit Server VM"/>
    <property name="java.vendor.version" value="Corretto-21.0.4.7.1"/>
    <property name="localRepository" value="C:\Users\dimitar.trifonov\.m2\repository"/>
    <property name="java.vendor.url.bug" value="https://github.com/corretto/corretto-21/issues/"/>
    <property name="java.io.tmpdir" value="C:\Users\DIMITA~1.TRI\AppData\Local\Temp\"/>
    <property name="java.version" value="21.0.4"/>
    <property name="user.dir" value="C:\Users\dimitar.trifonov\Documents\workspace-intellij\maven-essentials\calculator-app"/>
    <property name="os.arch" value="amd64"/>
    <property name="java.vm.specification.name" value="Java Virtual Machine Specification"/>
    <property name="sun.os.patch.level" value=""/>
    <property name="native.encoding" value="Cp1252"/>
    <property name="java.library.path" value="C:\Users\dimitar.trifonov\.jdks\corretto-21.0.4\bin;C:\WINDOWS\Sun\Java\bin;C:\WINDOWS\system32;C:\WINDOWS;C:\Program Files\PowerShell\7;C:\WINDOWS\system32;C:\WINDOWS;C:\WINDOWS\System32\Wbem;C:\WINDOWS\System32\WindowsPowerShell\v1.0\;C:\WINDOWS\System32\OpenSSH\;C:\Users\dimitar.trifonov\AppData\Roaming\nvm;C:\Program Files\nodejs;C:\Users\dimitar.trifonov\.jdks\corretto-21.0.4\bin;C:\Program Files\vfox;C:\Program Files\PowerShell\7\;C:\Program Files\Git\cmd;C:\Program Files\Docker\Docker\resources\bin;C:\Users\dimitar.trifonov\.version-fox\cache\nodejs\current;C:\Users\dimitar.trifonov\.version-fox\cache\maven\current\bin;C:\Users\dimitar.trifonov\AppData\Local\Microsoft\WindowsApps;C:\Users\dimitar.trifonov\AppData\Roaming\nvm;C:\Program Files\nodejs;C:\Users\dimitar.trifonov\AppData\Local\JetBrains\Toolbox\scripts;C:\Users\dimitar.trifonov\AppData\Local\Programs\Microsoft VS Code\bin;."/>
    <property name="java.vm.info" value="mixed mode, sharing"/>
    <property name="stderr.encoding" value="Cp1252"/>
    <property name="java.vendor" value="Amazon.com Inc."/>
    <property name="java.vm.version" value="21.0.4+7-LTS"/>
    <property name="sun.io.unicode.encoding" value="UnicodeLittle"/>
    <property name="java.class.version" value="65.0"/>
  </properties>
  <testcase name="shouldAnswerWithTrue" classname="net.dvt32.AppTest" time="0"/>
</testsuite>